2018-11-16 22:08:07 [scrapy.utils.log] INFO: Scrapy 1.5.1 started (bot: cheggviewer)
2018-11-16 22:08:07 [scrapy.utils.log] INFO: Versions: lxml 4.2.4.0, libxml2 2.9.8, cssselect 1.0.3, parsel 1.5.0, w3lib 1.19.0, Twisted 18.7.0, Python 2.7.10 (default, Oct  6 2017, 22:29:07) - [GCC 4.2.1 Compatible Apple LLVM 9.0.0 (clang-900.0.31)], pyOpenSSL 18.0.0 (OpenSSL 1.1.0i  14 Aug 2018), cryptography 2.3.1, Platform Darwin-17.7.0-x86_64-i386-64bit
2018-11-16 22:08:07 [scrapy.crawler] INFO: Overridden settings: {'NEWSPIDER_MODULE': 'cheggviewer.spiders', 'CONCURRENT_REQUESTS': 1, 'SPIDER_MODULES': ['cheggviewer.spiders'], 'CONCURRENT_REQUESTS_PER_IP': 1, 'BOT_NAME': 'cheggviewer', 'LOG_FILE': 'logs/chegg3/chegg/c32bc9e1ea2611e89fabb8e8563766aa.log'}
2018-11-16 22:08:07 [py.warnings] WARNING: /Library/Python/2.7/site-packages/scrapy_jsonrpc/webservice.py:4: ScrapyDeprecationWarning: Module `scrapy.log` has been deprecated, Scrapy now relies on the builtin Python library for logging. Read the updated logging entry in the documentation to learn more.
  from scrapy import log, signals

2018-11-16 22:08:07 [py.warnings] WARNING: /Library/Python/2.7/site-packages/scrapy_jsonrpc/serialize.py:8: ScrapyDeprecationWarning: Module `scrapy.spider` is deprecated, use `scrapy.spiders` instead
  from scrapy.spider import Spider

2018-11-16 22:08:07 [scrapy.middleware] INFO: Enabled extensions:
['scrapy.extensions.memusage.MemoryUsage',
 'scrapy.extensions.logstats.LogStats',
 'scrapy.extensions.telnet.TelnetConsole',
 'scrapy.extensions.corestats.CoreStats',
 'scrapy_jsonrpc.webservice.WebService']
2018-11-16 22:08:08 [scrapy.middleware] INFO: Enabled downloader middlewares:
['cheggviewer.JSMiddleware.PhantomJSMiddleware',
 'scrapy.downloadermiddlewares.httpauth.HttpAuthMiddleware',
 'scrapy.downloadermiddlewares.downloadtimeout.DownloadTimeoutMiddleware',
 'scrapy.downloadermiddlewares.defaultheaders.DefaultHeadersMiddleware',
 'scrapy.downloadermiddlewares.useragent.UserAgentMiddleware',
 'scrapy.downloadermiddlewares.retry.RetryMiddleware',
 'scrapy.downloadermiddlewares.redirect.MetaRefreshMiddleware',
 'scrapy.downloadermiddlewares.httpcompression.HttpCompressionMiddleware',
 'scrapy.downloadermiddlewares.redirect.RedirectMiddleware',
 'scrapy.downloadermiddlewares.cookies.CookiesMiddleware',
 'scrapy.downloadermiddlewares.httpproxy.HttpProxyMiddleware',
 'scrapy.downloadermiddlewares.stats.DownloaderStats']
2018-11-16 22:08:08 [scrapy.middleware] INFO: Enabled spider middlewares:
['scrapy.spidermiddlewares.httperror.HttpErrorMiddleware',
 'scrapy.spidermiddlewares.offsite.OffsiteMiddleware',
 'scrapy.spidermiddlewares.referer.RefererMiddleware',
 'scrapy.spidermiddlewares.urllength.UrlLengthMiddleware',
 'scrapy.spidermiddlewares.depth.DepthMiddleware']
2018-11-16 22:08:08 [scrapy.middleware] INFO: Enabled item pipelines:
['cheggviewer.pipelines.CheggviewerPipeline']
2018-11-16 22:08:08 [scrapy.core.engine] INFO: Spider opened
2018-11-16 22:08:08 [scrapy.extensions.logstats] INFO: Crawled 0 pages (at 0 pages/min), scraped 0 items (at 0 items/min)
2018-11-16 22:08:08 [py.warnings] WARNING: /Library/Python/2.7/site-packages/scrapy/spidermiddlewares/offsite.py:59: URLWarning: allowed_domains accepts only domains, not URLs. Ignoring URL entry http://www.chegg.com in allowed_domains.
  warnings.warn("allowed_domains accepts only domains, not URLs. Ignoring URL entry %s in allowed_domains." % domain, URLWarning)

2018-11-16 22:08:08 [scrapy.extensions.telnet] DEBUG: Telnet console listening on 127.0.0.1:6023
2018-11-16 22:08:08 [py.warnings] WARNING: /Library/Python/2.7/site-packages/scrapy_jsonrpc/webservice.py:90: ScrapyDeprecationWarning: log.msg has been deprecated, create a python logger and log through it instead
  level=log.DEBUG, host=h.host, port=h.port)

2018-11-16 22:08:08 [scrapy.log] DEBUG: Web service listening on 127.0.0.1:6024
2018-11-16 22:08:09 [scrapy.core.engine] DEBUG: Crawled (200) <GET https://www.chegg.com/homework-help/questions-and-answers/provide-comprehensive-description-role-business-entrepreneur-achieving-success-business-su-q32729707> (referer: None)
2018-11-16 22:08:09 [scrapy.core.scraper] DEBUG: Scraped from <200 https://www.chegg.com/homework-help/questions-and-answers/provide-comprehensive-description-role-business-entrepreneur-achieving-success-business-su-q32729707>
{'content': u' <h1>Question: </h1><h3><div class="ugc-base question-body-text">\n\t\t\t<div class=""><p>Provide a comprehensive description of the role of a \u201cbusiness\nentrepreneur\u201d in achieving the success of a business. Be sure to\nexplain how this role differ from that of a \u201cbusinessman\u201d?</p>\n</div>\n\t\t\t\n\t\t</div></h3><h1>Best Answer:</h1><div class="answer-given-body ugc-base">\n                    <p>A business entrepreneur is a person who builds a successful\nbusiness model around a product or service which is new and\nattempts to solve a problem which has never been done before. The\nbusiness entrepreneur is often the person who identifies the\nexisting problem, develops the idea of a solution and then is\nresponsible for translating the idea into a full scaled business\nwith a viable revenue model that successfully solves the problem.\nThe business entrepreneur is also responsible for raising the funds\nrequired for setting up the new business, marketing the new concept\nor idea to potential investors, hiring people to run the business\nand overall co-ordination for the entire business. Thus ultimately\nit is the business entrepreneur\u2019s ingenuity and his ability to\nmarket the idea that decides the success of the business.</p>\n<p>In case of a business man, the person is responsible for running\nthe business and its success or failure but the business is often\nbased on an established idea and is not on a new concept on idea.\nThus the fundamental difference between a business entrepreneur and\na business man is that business entrepreneur works on a new concept\nand develops a business model around it. While a business man\ndevelops a business but it is not on a novel concept or idea.</p>\n\n                    \n                </div>',
 'filename': 'https:))www.chegg.com)homework-help)questions-and-answers)provide-comprehensive-description-role-business-entrepreneur-achieving-success-business-su-q32729707',
 'receiver': 'xhdp123@126.com',
 'url': 'https://www.chegg.com/homework-help/questions-and-answers/provide-comprehensive-description-role-business-entrepreneur-achieving-success-business-su-q32729707'}
2018-11-16 22:08:09 [scrapy.core.engine] INFO: Closing spider (finished)
2018-11-16 22:08:09 [scrapy.statscollectors] INFO: Dumping Scrapy stats:
{'downloader/request_bytes': 503,
 'downloader/request_count': 1,
 'downloader/request_method_count/GET': 1,
 'downloader/response_bytes': 21446,
 'downloader/response_count': 1,
 'downloader/response_status_count/200': 1,
 'finish_reason': 'finished',
 'finish_time': datetime.datetime(2018, 11, 17, 5, 8, 9, 344604),
 'item_scraped_count': 1,
 'log_count/DEBUG': 4,
 'log_count/INFO': 7,
 'log_count/WARNING': 4,
 'memusage/max': 58458112,
 'memusage/startup': 58458112,
 'response_received_count': 1,
 'scheduler/dequeued': 1,
 'scheduler/dequeued/memory': 1,
 'scheduler/enqueued': 1,
 'scheduler/enqueued/memory': 1,
 'start_time': datetime.datetime(2018, 11, 17, 5, 8, 8, 46483)}
2018-11-16 22:08:09 [scrapy.core.engine] INFO: Spider closed (finished)
